[2024-03-30T12:16:56.333Z] GET /
[2024-03-30T12:17:01.952Z] GET /api
[2024-03-30T12:17:08.958Z] GET /api/sendMessage
[2024-03-30T12:48:57.732Z] GET /
[2024-03-30T12:49:20.043Z] GET /api/sendMessage
[2024-03-30T12:50:31.939Z] GET /
[2024-03-30T12:54:22.329Z] POST //api/sendMessage
[2024-03-30T12:58:22.656Z] POST /api/sendMessage
[2024-03-30T13:02:20.643Z] OPTIONS /api/sendMessage
[2024-03-30T13:02:29.656Z] OPTIONS /api/sendMessage
[2024-03-30T13:04:09.525Z] OPTIONS /api/sendMessage
[2024-03-30T13:08:09.548Z] POST /api/sendMessage
[2024-03-30T13:09:37.874Z] POST /api/sendMessage
[2024-03-30T13:59:27.794Z] POST /api/sendMessage
[2024-03-30T14:01:50.126Z] POST /api/sendMessage
[2024-03-30T14:29:20.831Z] GET /api/fetchMessages
[2024-03-30T14:29:27.247Z] POST /api/sendMessage
[2024-03-30T14:29:27.261Z] GET /api/fetchMessages
[2024-03-30T14:30:08.258Z] POST /api/sendMessage
[2024-03-30T14:30:08.269Z] GET /api/fetchMessages
[2024-03-30T14:36:17.865Z] GET /api/fetchMessages
[2024-03-30T14:39:54.709Z] POST /api/sendMessage
[2024-03-30T14:39:54.724Z] GET /api/fetchMessages
[2024-03-30T14:45:04.056Z] POST /api/sendMessage
[2024-03-30T14:45:04.076Z] GET /api/fetchMessages
[2024-03-30T14:45:09.926Z] POST /api/sendMessage
[2024-03-30T14:45:09.941Z] GET /api/fetchMessages
[2024-03-30T14:45:18.238Z] POST /api/sendMessage
[2024-03-30T14:45:18.254Z] GET /api/fetchMessages
